2024-03-09 19:49:21 [INFO    ] (autoreload.run_with_reloader) Watching for file changes with StatReloader
2024-03-09 19:49:21 [INFO    ] (autoreload.run_with_reloader) Watching for file changes with StatReloader
2024-03-09 19:49:21 [INFO    ] (autoreload.run_with_reloader) Watching for file changes with StatReloader
2024-03-11 10:54:09 [INFO    ] (basehttp.log_message) "GET /drf/courses-model-view-set-no-validate HTTP/1.1" 200 10448
2024-03-11 10:54:09 [INFO    ] (basehttp.log_message) "GET /drf/courses-model-view-set-no-validate HTTP/1.1" 200 10448
2024-03-11 10:54:09 [INFO    ] (basehttp.log_message) "GET /drf/courses-model-view-set-no-validate HTTP/1.1" 200 10448
2024-03-11 10:54:09 [INFO    ] (basehttp.log_message) "GET /static/rest_framework/css/bootstrap.min.css HTTP/1.1" 304 0
2024-03-11 10:54:09 [INFO    ] (basehttp.log_message) "GET /static/rest_framework/css/bootstrap-tweaks.css HTTP/1.1" 304 0
2024-03-11 10:54:09 [INFO    ] (basehttp.log_message) "GET /static/rest_framework/css/prettify.css HTTP/1.1" 304 0
2024-03-11 10:54:09 [INFO    ] (basehttp.log_message) "GET /static/rest_framework/css/bootstrap.min.css HTTP/1.1" 304 0
2024-03-11 10:54:09 [INFO    ] (basehttp.log_message) "GET /static/rest_framework/css/bootstrap-tweaks.css HTTP/1.1" 304 0
2024-03-11 10:54:09 [INFO    ] (basehttp.log_message) "GET /static/rest_framework/css/bootstrap.min.css HTTP/1.1" 304 0
2024-03-11 10:54:09 [INFO    ] (basehttp.log_message) "GET /static/rest_framework/css/bootstrap-tweaks.css HTTP/1.1" 304 0
2024-03-11 10:54:09 [INFO    ] (basehttp.log_message) "GET /static/rest_framework/css/prettify.css HTTP/1.1" 304 0
2024-03-11 10:54:09 [INFO    ] (basehttp.log_message) "GET /static/rest_framework/css/prettify.css HTTP/1.1" 304 0
2024-03-11 10:54:09 [INFO    ] (basehttp.log_message) "GET /static/rest_framework/css/default.css HTTP/1.1" 304 0
2024-03-11 10:54:09 [INFO    ] (basehttp.log_message) "GET /static/rest_framework/js/jquery-3.5.1.min.js HTTP/1.1" 304 0
2024-03-11 10:54:09 [INFO    ] (basehttp.log_message) "GET /static/rest_framework/js/ajax-form.js HTTP/1.1" 304 0
2024-03-11 10:54:09 [INFO    ] (basehttp.log_message) "GET /static/rest_framework/css/default.css HTTP/1.1" 304 0
2024-03-11 10:54:09 [INFO    ] (basehttp.log_message) "GET /static/rest_framework/js/jquery-3.5.1.min.js HTTP/1.1" 304 0
2024-03-11 10:54:09 [INFO    ] (basehttp.log_message) "GET /static/rest_framework/css/default.css HTTP/1.1" 304 0
2024-03-11 10:54:09 [INFO    ] (basehttp.log_message) "GET /static/rest_framework/js/jquery-3.5.1.min.js HTTP/1.1" 304 0
2024-03-11 10:54:09 [INFO    ] (basehttp.log_message) "GET /static/rest_framework/js/ajax-form.js HTTP/1.1" 304 0
2024-03-11 10:54:09 [INFO    ] (basehttp.log_message) "GET /static/rest_framework/js/bootstrap.min.js HTTP/1.1" 304 0
2024-03-11 10:54:09 [INFO    ] (basehttp.log_message) "GET /static/rest_framework/js/bootstrap.min.js HTTP/1.1" 304 0
2024-03-11 10:54:09 [INFO    ] (basehttp.log_message) "GET /static/rest_framework/js/ajax-form.js HTTP/1.1" 304 0
2024-03-11 10:54:09 [INFO    ] (basehttp.log_message) "GET /static/rest_framework/js/bootstrap.min.js HTTP/1.1" 304 0
2024-03-11 10:54:09 [INFO    ] (basehttp.log_message) "GET /static/rest_framework/js/default.js HTTP/1.1" 304 0
2024-03-11 10:54:09 [INFO    ] (basehttp.log_message) "GET /static/rest_framework/js/default.js HTTP/1.1" 304 0
2024-03-11 10:54:09 [INFO    ] (basehttp.log_message) "GET /static/rest_framework/js/default.js HTTP/1.1" 304 0
2024-03-11 10:54:09 [INFO    ] (basehttp.log_message) "GET /static/rest_framework/js/prettify-min.js HTTP/1.1" 304 0
2024-03-11 10:54:09 [INFO    ] (basehttp.log_message) "GET /static/rest_framework/js/prettify-min.js HTTP/1.1" 304 0
2024-03-11 10:54:09 [INFO    ] (basehttp.log_message) "GET /static/rest_framework/js/csrf.js HTTP/1.1" 304 0
2024-03-11 10:54:09 [INFO    ] (basehttp.log_message) "GET /static/rest_framework/js/prettify-min.js HTTP/1.1" 304 0
2024-03-11 10:54:09 [INFO    ] (basehttp.log_message) "GET /static/rest_framework/js/csrf.js HTTP/1.1" 304 0
2024-03-11 10:54:09 [INFO    ] (basehttp.log_message) "GET /static/rest_framework/img/grid.png HTTP/1.1" 304 0
2024-03-11 10:54:09 [INFO    ] (basehttp.log_message) "GET /static/rest_framework/img/grid.png HTTP/1.1" 304 0
2024-03-11 10:54:09 [INFO    ] (basehttp.log_message) "GET /static/rest_framework/js/csrf.js HTTP/1.1" 304 0
2024-03-11 10:54:09 [INFO    ] (basehttp.log_message) "GET /static/rest_framework/img/grid.png HTTP/1.1" 304 0
2024-03-11 10:54:19 [INFO    ] (basehttp.log_message) "GET /static/rest_framework/fonts/glyphicons-halflings-regular.woff2 HTTP/1.1" 304 0
2024-03-11 10:54:19 [INFO    ] (basehttp.log_message) "GET /static/rest_framework/fonts/glyphicons-halflings-regular.woff2 HTTP/1.1" 304 0
2024-03-11 10:54:19 [INFO    ] (basehttp.log_message) "GET /static/rest_framework/fonts/glyphicons-halflings-regular.woff2 HTTP/1.1" 304 0
2024-03-11 10:54:20 [INFO    ] (basehttp.log_message) "GET /drf/courses-list-create-generic HTTP/1.1" 200 13702
2024-03-11 10:54:20 [INFO    ] (basehttp.log_message) "GET /drf/courses-list-create-generic HTTP/1.1" 200 13702
2024-03-11 10:54:20 [INFO    ] (basehttp.log_message) "GET /drf/courses-list-create-generic HTTP/1.1" 200 13702
2024-03-11 11:00:26 [INFO    ] (autoreload.trigger_reload) E:\django_projects\learn-django\learn_django\apps\course\views.py changed, reloading.
2024-03-11 11:00:26 [INFO    ] (autoreload.trigger_reload) E:\django_projects\learn-django\learn_django\apps\course\views.py changed, reloading.
2024-03-11 11:00:26 [INFO    ] (autoreload.trigger_reload) E:\django_projects\learn-django\learn_django\apps\course\views.py changed, reloading.
2024-03-11 11:00:28 [INFO    ] (autoreload.run_with_reloader) Watching for file changes with StatReloader
2024-03-11 11:00:28 [INFO    ] (autoreload.run_with_reloader) Watching for file changes with StatReloader
2024-03-11 11:00:28 [INFO    ] (autoreload.run_with_reloader) Watching for file changes with StatReloader
2024-03-12 14:58:09 [INFO    ] (autoreload.run_with_reloader) Watching for file changes with StatReloader
2024-03-12 14:58:09 [INFO    ] (autoreload.run_with_reloader) Watching for file changes with StatReloader
2024-03-12 14:58:09 [INFO    ] (autoreload.run_with_reloader) Watching for file changes with StatReloader
2024-03-12 18:05:19 [INFO    ] (autoreload.trigger_reload) E:\django_projects\learn-django\learn_django\apps\course\views.py changed, reloading.
2024-03-12 18:05:19 [INFO    ] (autoreload.trigger_reload) E:\django_projects\learn-django\learn_django\apps\course\views.py changed, reloading.
2024-03-12 18:05:19 [INFO    ] (autoreload.trigger_reload) E:\django_projects\learn-django\learn_django\apps\course\views.py changed, reloading.
2024-03-12 18:05:21 [INFO    ] (autoreload.run_with_reloader) Watching for file changes with StatReloader
2024-03-12 18:05:21 [INFO    ] (autoreload.run_with_reloader) Watching for file changes with StatReloader
2024-03-12 18:05:21 [INFO    ] (autoreload.run_with_reloader) Watching for file changes with StatReloader
2024-03-12 19:43:42 [INFO    ] (autoreload.trigger_reload) E:\django_projects\learn-django\learn_django\apps\course\urls.py changed, reloading.
2024-03-12 19:43:42 [INFO    ] (autoreload.trigger_reload) E:\django_projects\learn-django\learn_django\apps\course\urls.py changed, reloading.
2024-03-12 19:43:42 [INFO    ] (autoreload.trigger_reload) E:\django_projects\learn-django\learn_django\apps\course\urls.py changed, reloading.
2024-03-12 19:43:45 [INFO    ] (autoreload.run_with_reloader) Watching for file changes with StatReloader
2024-03-12 19:43:45 [INFO    ] (autoreload.run_with_reloader) Watching for file changes with StatReloader
2024-03-12 19:43:45 [INFO    ] (autoreload.run_with_reloader) Watching for file changes with StatReloader
2024-03-12 19:44:09 [INFO    ] (autoreload.trigger_reload) E:\django_projects\learn-django\learn_django\apps\course\views.py changed, reloading.
2024-03-12 19:44:09 [INFO    ] (autoreload.trigger_reload) E:\django_projects\learn-django\learn_django\apps\course\views.py changed, reloading.
2024-03-12 19:44:09 [INFO    ] (autoreload.trigger_reload) E:\django_projects\learn-django\learn_django\apps\course\views.py changed, reloading.
2024-03-12 19:44:11 [INFO    ] (autoreload.run_with_reloader) Watching for file changes with StatReloader
2024-03-12 19:44:11 [INFO    ] (autoreload.run_with_reloader) Watching for file changes with StatReloader
2024-03-12 19:44:11 [INFO    ] (autoreload.run_with_reloader) Watching for file changes with StatReloader
2024-03-12 19:44:27 [INFO    ] (autoreload.trigger_reload) E:\django_projects\learn-django\learn_django\apps\course\views.py changed, reloading.
2024-03-12 19:44:27 [INFO    ] (autoreload.trigger_reload) E:\django_projects\learn-django\learn_django\apps\course\views.py changed, reloading.
2024-03-12 19:44:27 [INFO    ] (autoreload.trigger_reload) E:\django_projects\learn-django\learn_django\apps\course\views.py changed, reloading.
2024-03-12 19:44:29 [INFO    ] (autoreload.run_with_reloader) Watching for file changes with StatReloader
2024-03-12 19:44:29 [INFO    ] (autoreload.run_with_reloader) Watching for file changes with StatReloader
2024-03-12 19:44:29 [INFO    ] (autoreload.run_with_reloader) Watching for file changes with StatReloader
2024-03-12 19:44:41 [INFO    ] (autoreload.trigger_reload) E:\django_projects\learn-django\learn_django\apps\course\views.py changed, reloading.
2024-03-12 19:44:41 [INFO    ] (autoreload.trigger_reload) E:\django_projects\learn-django\learn_django\apps\course\views.py changed, reloading.
2024-03-12 19:44:41 [INFO    ] (autoreload.trigger_reload) E:\django_projects\learn-django\learn_django\apps\course\views.py changed, reloading.
2024-03-12 19:44:43 [INFO    ] (autoreload.run_with_reloader) Watching for file changes with StatReloader
2024-03-12 19:44:43 [INFO    ] (autoreload.run_with_reloader) Watching for file changes with StatReloader
2024-03-12 19:44:43 [INFO    ] (autoreload.run_with_reloader) Watching for file changes with StatReloader
2024-03-12 19:44:47 [INFO    ] (autoreload.trigger_reload) E:\django_projects\learn-django\learn_django\apps\course\views.py changed, reloading.
2024-03-12 19:44:47 [INFO    ] (autoreload.trigger_reload) E:\django_projects\learn-django\learn_django\apps\course\views.py changed, reloading.
2024-03-12 19:44:47 [INFO    ] (autoreload.trigger_reload) E:\django_projects\learn-django\learn_django\apps\course\views.py changed, reloading.
2024-03-12 19:44:49 [INFO    ] (autoreload.run_with_reloader) Watching for file changes with StatReloader
2024-03-12 19:44:49 [INFO    ] (autoreload.run_with_reloader) Watching for file changes with StatReloader
2024-03-12 19:44:49 [INFO    ] (autoreload.run_with_reloader) Watching for file changes with StatReloader
2024-03-12 19:45:15 [INFO    ] (autoreload.trigger_reload) E:\django_projects\learn-django\learn_django\apps\course\views.py changed, reloading.
2024-03-12 19:45:15 [INFO    ] (autoreload.trigger_reload) E:\django_projects\learn-django\learn_django\apps\course\views.py changed, reloading.
2024-03-12 19:45:15 [INFO    ] (autoreload.trigger_reload) E:\django_projects\learn-django\learn_django\apps\course\views.py changed, reloading.
2024-03-12 19:45:17 [INFO    ] (autoreload.run_with_reloader) Watching for file changes with StatReloader
2024-03-12 19:45:17 [INFO    ] (autoreload.run_with_reloader) Watching for file changes with StatReloader
2024-03-12 19:45:17 [INFO    ] (autoreload.run_with_reloader) Watching for file changes with StatReloader
2024-03-12 19:45:19 [INFO    ] (autoreload.trigger_reload) E:\django_projects\learn-django\learn_django\apps\course\views.py changed, reloading.
2024-03-12 19:45:19 [INFO    ] (autoreload.trigger_reload) E:\django_projects\learn-django\learn_django\apps\course\views.py changed, reloading.
2024-03-12 19:45:19 [INFO    ] (autoreload.trigger_reload) E:\django_projects\learn-django\learn_django\apps\course\views.py changed, reloading.
2024-03-12 19:45:21 [INFO    ] (autoreload.run_with_reloader) Watching for file changes with StatReloader
2024-03-12 19:45:21 [INFO    ] (autoreload.run_with_reloader) Watching for file changes with StatReloader
2024-03-12 19:45:21 [INFO    ] (autoreload.run_with_reloader) Watching for file changes with StatReloader
2024-03-12 19:45:30 [INFO    ] (autoreload.trigger_reload) E:\django_projects\learn-django\learn_django\apps\course\views.py changed, reloading.
2024-03-12 19:45:30 [INFO    ] (autoreload.trigger_reload) E:\django_projects\learn-django\learn_django\apps\course\views.py changed, reloading.
2024-03-12 19:45:30 [INFO    ] (autoreload.trigger_reload) E:\django_projects\learn-django\learn_django\apps\course\views.py changed, reloading.
2024-03-12 19:45:33 [INFO    ] (autoreload.run_with_reloader) Watching for file changes with StatReloader
2024-03-12 19:45:33 [INFO    ] (autoreload.run_with_reloader) Watching for file changes with StatReloader
2024-03-12 19:45:33 [INFO    ] (autoreload.run_with_reloader) Watching for file changes with StatReloader
2024-03-12 19:45:37 [INFO    ] (autoreload.trigger_reload) E:\django_projects\learn-django\learn_django\apps\course\views.py changed, reloading.
2024-03-12 19:45:37 [INFO    ] (autoreload.trigger_reload) E:\django_projects\learn-django\learn_django\apps\course\views.py changed, reloading.
2024-03-12 19:45:37 [INFO    ] (autoreload.trigger_reload) E:\django_projects\learn-django\learn_django\apps\course\views.py changed, reloading.
2024-03-12 19:45:39 [INFO    ] (autoreload.run_with_reloader) Watching for file changes with StatReloader
2024-03-12 19:45:39 [INFO    ] (autoreload.run_with_reloader) Watching for file changes with StatReloader
2024-03-12 19:45:39 [INFO    ] (autoreload.run_with_reloader) Watching for file changes with StatReloader
2024-03-12 19:45:45 [INFO    ] (autoreload.trigger_reload) E:\django_projects\learn-django\learn_django\apps\course\views.py changed, reloading.
2024-03-12 19:45:45 [INFO    ] (autoreload.trigger_reload) E:\django_projects\learn-django\learn_django\apps\course\views.py changed, reloading.
2024-03-12 19:45:45 [INFO    ] (autoreload.trigger_reload) E:\django_projects\learn-django\learn_django\apps\course\views.py changed, reloading.
2024-03-12 19:45:47 [INFO    ] (autoreload.run_with_reloader) Watching for file changes with StatReloader
2024-03-12 19:45:47 [INFO    ] (autoreload.run_with_reloader) Watching for file changes with StatReloader
2024-03-12 19:45:47 [INFO    ] (autoreload.run_with_reloader) Watching for file changes with StatReloader
2024-03-12 19:45:49 [INFO    ] (autoreload.trigger_reload) E:\django_projects\learn-django\learn_django\apps\course\views.py changed, reloading.
2024-03-12 19:45:49 [INFO    ] (autoreload.trigger_reload) E:\django_projects\learn-django\learn_django\apps\course\views.py changed, reloading.
2024-03-12 19:45:49 [INFO    ] (autoreload.trigger_reload) E:\django_projects\learn-django\learn_django\apps\course\views.py changed, reloading.
2024-03-12 19:45:51 [INFO    ] (autoreload.run_with_reloader) Watching for file changes with StatReloader
2024-03-12 19:45:51 [INFO    ] (autoreload.run_with_reloader) Watching for file changes with StatReloader
2024-03-12 19:45:51 [INFO    ] (autoreload.run_with_reloader) Watching for file changes with StatReloader
2024-03-12 19:45:58 [INFO    ] (autoreload.trigger_reload) E:\django_projects\learn-django\learn_django\apps\course\views.py changed, reloading.
2024-03-12 19:45:58 [INFO    ] (autoreload.trigger_reload) E:\django_projects\learn-django\learn_django\apps\course\views.py changed, reloading.
2024-03-12 19:45:58 [INFO    ] (autoreload.trigger_reload) E:\django_projects\learn-django\learn_django\apps\course\views.py changed, reloading.
2024-03-12 19:46:00 [INFO    ] (autoreload.run_with_reloader) Watching for file changes with StatReloader
2024-03-12 19:46:00 [INFO    ] (autoreload.run_with_reloader) Watching for file changes with StatReloader
2024-03-12 19:46:00 [INFO    ] (autoreload.run_with_reloader) Watching for file changes with StatReloader
2024-03-12 19:46:08 [INFO    ] (autoreload.trigger_reload) E:\django_projects\learn-django\learn_django\apps\course\views.py changed, reloading.
2024-03-12 19:46:08 [INFO    ] (autoreload.trigger_reload) E:\django_projects\learn-django\learn_django\apps\course\views.py changed, reloading.
2024-03-12 19:46:08 [INFO    ] (autoreload.trigger_reload) E:\django_projects\learn-django\learn_django\apps\course\views.py changed, reloading.
2024-03-12 19:46:11 [INFO    ] (autoreload.run_with_reloader) Watching for file changes with StatReloader
2024-03-12 19:46:11 [INFO    ] (autoreload.run_with_reloader) Watching for file changes with StatReloader
2024-03-12 19:46:11 [INFO    ] (autoreload.run_with_reloader) Watching for file changes with StatReloader
2024-03-12 19:46:37 [INFO    ] (autoreload.trigger_reload) E:\django_projects\learn-django\learn_django\apps\course\views.py changed, reloading.
2024-03-12 19:46:37 [INFO    ] (autoreload.trigger_reload) E:\django_projects\learn-django\learn_django\apps\course\views.py changed, reloading.
2024-03-12 19:46:37 [INFO    ] (autoreload.trigger_reload) E:\django_projects\learn-django\learn_django\apps\course\views.py changed, reloading.
2024-03-12 19:46:38 [INFO    ] (autoreload.run_with_reloader) Watching for file changes with StatReloader
2024-03-12 19:46:38 [INFO    ] (autoreload.run_with_reloader) Watching for file changes with StatReloader
2024-03-12 19:46:38 [INFO    ] (autoreload.run_with_reloader) Watching for file changes with StatReloader
2024-03-12 19:46:43 [INFO    ] (autoreload.trigger_reload) E:\django_projects\learn-django\learn_django\apps\course\views.py changed, reloading.
2024-03-12 19:46:43 [INFO    ] (autoreload.trigger_reload) E:\django_projects\learn-django\learn_django\apps\course\views.py changed, reloading.
2024-03-12 19:46:43 [INFO    ] (autoreload.trigger_reload) E:\django_projects\learn-django\learn_django\apps\course\views.py changed, reloading.
2024-03-12 19:46:45 [INFO    ] (autoreload.run_with_reloader) Watching for file changes with StatReloader
2024-03-12 19:46:45 [INFO    ] (autoreload.run_with_reloader) Watching for file changes with StatReloader
2024-03-12 19:46:45 [INFO    ] (autoreload.run_with_reloader) Watching for file changes with StatReloader
2024-03-12 19:48:06 [WARNING ] (log.log_response) Not Found: /
2024-03-12 19:48:06 [WARNING ] (log.log_response) Not Found: /
2024-03-12 19:48:06 [WARNING ] (log.log_response) Not Found: /
2024-03-12 19:48:06 [WARNING ] (basehttp.log_message) "GET / HTTP/1.1" 404 3611
2024-03-12 19:48:06 [WARNING ] (basehttp.log_message) "GET / HTTP/1.1" 404 3611
2024-03-12 19:48:06 [WARNING ] (basehttp.log_message) "GET / HTTP/1.1" 404 3611
2024-03-12 19:48:19 [INFO    ] (basehttp.log_message) "GET /drf/courses-viewset HTTP/1.1" 200 7169
2024-03-12 19:48:19 [INFO    ] (basehttp.log_message) "GET /drf/courses-viewset HTTP/1.1" 200 7169
2024-03-12 19:48:19 [INFO    ] (basehttp.log_message) "GET /drf/courses-viewset HTTP/1.1" 200 7169
2024-03-12 19:48:19 [INFO    ] (basehttp.log_message) "GET /static/rest_framework/css/bootstrap.min.css HTTP/1.1" 304 0
2024-03-12 19:48:19 [INFO    ] (basehttp.log_message) "GET /static/rest_framework/css/prettify.css HTTP/1.1" 304 0
2024-03-12 19:48:19 [INFO    ] (basehttp.log_message) "GET /static/rest_framework/css/bootstrap.min.css HTTP/1.1" 304 0
2024-03-12 19:48:19 [INFO    ] (basehttp.log_message) "GET /static/rest_framework/css/default.css HTTP/1.1" 304 0
2024-03-12 19:48:19 [INFO    ] (basehttp.log_message) "GET /static/rest_framework/css/prettify.css HTTP/1.1" 304 0
2024-03-12 19:48:19 [INFO    ] (basehttp.log_message) "GET /static/rest_framework/css/bootstrap.min.css HTTP/1.1" 304 0
2024-03-12 19:48:19 [INFO    ] (basehttp.log_message) "GET /static/rest_framework/css/prettify.css HTTP/1.1" 304 0
2024-03-12 19:48:19 [INFO    ] (basehttp.log_message) "GET /static/rest_framework/css/default.css HTTP/1.1" 304 0
2024-03-12 19:48:19 [INFO    ] (basehttp.log_message) "GET /static/rest_framework/css/default.css HTTP/1.1" 304 0
2024-03-12 19:48:19 [INFO    ] (basehttp.log_message) "GET /static/rest_framework/css/bootstrap-tweaks.css HTTP/1.1" 304 0
2024-03-12 19:48:19 [INFO    ] (basehttp.log_message) "GET /static/rest_framework/css/bootstrap-tweaks.css HTTP/1.1" 304 0
2024-03-12 19:48:19 [INFO    ] (basehttp.log_message) "GET /static/rest_framework/js/jquery-3.5.1.min.js HTTP/1.1" 304 0
2024-03-12 19:48:19 [INFO    ] (basehttp.log_message) "GET /static/rest_framework/js/ajax-form.js HTTP/1.1" 304 0
2024-03-12 19:48:19 [INFO    ] (basehttp.log_message) "GET /static/rest_framework/css/bootstrap-tweaks.css HTTP/1.1" 304 0
2024-03-12 19:48:19 [INFO    ] (basehttp.log_message) "GET /static/rest_framework/js/jquery-3.5.1.min.js HTTP/1.1" 304 0
2024-03-12 19:48:19 [INFO    ] (basehttp.log_message) "GET /static/rest_framework/js/ajax-form.js HTTP/1.1" 304 0
2024-03-12 19:48:19 [INFO    ] (basehttp.log_message) "GET /static/rest_framework/js/jquery-3.5.1.min.js HTTP/1.1" 304 0
2024-03-12 19:48:19 [INFO    ] (basehttp.log_message) "GET /static/rest_framework/js/ajax-form.js HTTP/1.1" 304 0
2024-03-12 19:48:19 [INFO    ] (basehttp.log_message) "GET /static/rest_framework/js/bootstrap.min.js HTTP/1.1" 304 0
2024-03-12 19:48:19 [INFO    ] (basehttp.log_message) "GET /static/rest_framework/js/prettify-min.js HTTP/1.1" 304 0
2024-03-12 19:48:19 [INFO    ] (basehttp.log_message) "GET /static/rest_framework/js/bootstrap.min.js HTTP/1.1" 304 0
2024-03-12 19:48:19 [INFO    ] (basehttp.log_message) "GET /static/rest_framework/js/prettify-min.js HTTP/1.1" 304 0
2024-03-12 19:48:19 [INFO    ] (basehttp.log_message) "GET /static/rest_framework/js/csrf.js HTTP/1.1" 304 0
2024-03-12 19:48:19 [INFO    ] (basehttp.log_message) "GET /static/rest_framework/js/bootstrap.min.js HTTP/1.1" 304 0
2024-03-12 19:48:19 [INFO    ] (basehttp.log_message) "GET /static/rest_framework/js/csrf.js HTTP/1.1" 304 0
2024-03-12 19:48:19 [INFO    ] (basehttp.log_message) "GET /static/rest_framework/js/prettify-min.js HTTP/1.1" 304 0
2024-03-12 19:48:19 [INFO    ] (basehttp.log_message) "GET /static/rest_framework/js/csrf.js HTTP/1.1" 304 0
2024-03-12 19:48:19 [INFO    ] (basehttp.log_message) "GET /static/rest_framework/js/default.js HTTP/1.1" 304 0
2024-03-12 19:48:19 [INFO    ] (basehttp.log_message) "GET /static/rest_framework/js/default.js HTTP/1.1" 304 0
2024-03-12 19:48:19 [INFO    ] (basehttp.log_message) "GET /static/rest_framework/js/default.js HTTP/1.1" 304 0
2024-03-12 19:48:19 [INFO    ] (basehttp.log_message) "GET /static/rest_framework/img/grid.png HTTP/1.1" 304 0
2024-03-12 19:48:19 [INFO    ] (basehttp.log_message) "GET /static/rest_framework/img/grid.png HTTP/1.1" 304 0
2024-03-12 19:48:19 [INFO    ] (basehttp.log_message) "GET /static/rest_framework/img/grid.png HTTP/1.1" 304 0
2024-03-12 19:48:45 [INFO    ] (basehttp.log_message) "GET /drf/courses-viewset?search=c%203 HTTP/1.1" 200 5800
2024-03-12 19:48:45 [INFO    ] (basehttp.log_message) "GET /drf/courses-viewset?search=c%203 HTTP/1.1" 200 5800
2024-03-12 19:48:45 [INFO    ] (basehttp.log_message) "GET /drf/courses-viewset?search=c%203 HTTP/1.1" 200 5800
